1746672748.876416 client started (11509): version 3.5a, socket /tmp/tmux-1000/default, protocol 8
1746672748.876448 on Linux 6.14.5-arch1-1 #1 SMP PREEMPT_DYNAMIC Sat, 03 May 2025 13:34:12 +0000
1746672748.876463 using libevent 2.1.12-stable poll
1746672748.876471 using ncurses 6.5 20240427
1746672748.876493 flags are 0x10010000
1746672748.876509 socket is /tmp/tmux-1000/default
1746672748.876525 trying connect
1746672748.876607 add peer 0x5852b88e1870: 6 ((nil))
1746672748.876983 sending message 111 to peer 0x5852b88e1870 (8 bytes)
1746672748.876988 sending message 111 to peer 0x5852b88e1870 (8 bytes)
1746672748.876992 sending message 101 to peer 0x5852b88e1870 (14 bytes)
1746672748.876996 sending message 109 to peer 0x5852b88e1870 (4 bytes)
1746672748.877000 sending message 102 to peer 0x5852b88e1870 (11 bytes)
1746672748.877004 sending message 108 to peer 0x5852b88e1870 (30 bytes)
1746672748.877007 sending message 112 to peer 0x5852b88e1870 (70 bytes)
1746672748.877011 sending message 112 to peer 0x5852b88e1870 (5 bytes)
1746672748.877015 sending message 112 to peer 0x5852b88e1870 (5 bytes)
1746672748.877019 sending message 112 to peer 0x5852b88e1870 (6 bytes)
1746672748.877022 sending message 112 to peer 0x5852b88e1870 (6 bytes)
1746672748.877026 sending message 112 to peer 0x5852b88e1870 (11 bytes)
1746672748.877030 sending message 112 to peer 0x5852b88e1870 (10 bytes)
1746672748.877034 sending message 112 to peer 0x5852b88e1870 (13 bytes)
1746672748.877037 sending message 112 to peer 0x5852b88e1870 (13 bytes)
1746672748.877041 sending message 112 to peer 0x5852b88e1870 (18 bytes)
1746672748.877045 sending message 112 to peer 0x5852b88e1870 (11 bytes)
1746672748.877048 sending message 112 to peer 0x5852b88e1870 (10 bytes)
1746672748.877052 sending message 112 to peer 0x5852b88e1870 (15 bytes)
1746672748.877056 sending message 112 to peer 0x5852b88e1870 (21 bytes)
1746672748.877060 sending message 112 to peer 0x5852b88e1870 (13 bytes)
1746672748.877063 sending message 112 to peer 0x5852b88e1870 (7 bytes)
1746672748.877067 sending message 112 to peer 0x5852b88e1870 (13 bytes)
1746672748.877071 sending message 112 to peer 0x5852b88e1870 (7 bytes)
1746672748.877074 sending message 112 to peer 0x5852b88e1870 (13 bytes)
1746672748.877078 sending message 112 to peer 0x5852b88e1870 (9 bytes)
1746672748.877082 sending message 112 to peer 0x5852b88e1870 (21 bytes)
1746672748.877086 sending message 112 to peer 0x5852b88e1870 (13 bytes)
1746672748.877089 sending message 112 to peer 0x5852b88e1870 (8 bytes)
1746672748.877093 sending message 112 to peer 0x5852b88e1870 (12 bytes)
1746672748.877097 sending message 112 to peer 0x5852b88e1870 (13 bytes)
1746672748.877100 sending message 112 to peer 0x5852b88e1870 (9 bytes)
1746672748.877104 sending message 112 to peer 0x5852b88e1870 (9 bytes)
1746672748.877108 sending message 112 to peer 0x5852b88e1870 (12 bytes)
1746672748.877111 sending message 112 to peer 0x5852b88e1870 (8 bytes)
1746672748.877115 sending message 112 to peer 0x5852b88e1870 (8 bytes)
1746672748.877119 sending message 112 to peer 0x5852b88e1870 (7 bytes)
1746672748.877123 sending message 112 to peer 0x5852b88e1870 (7 bytes)
1746672748.877126 sending message 112 to peer 0x5852b88e1870 (9 bytes)
1746672748.877130 sending message 112 to peer 0x5852b88e1870 (13 bytes)
1746672748.877134 sending message 112 to peer 0x5852b88e1870 (6 bytes)
1746672748.877138 sending message 112 to peer 0x5852b88e1870 (9 bytes)
1746672748.877141 sending message 112 to peer 0x5852b88e1870 (15 bytes)
1746672748.877145 sending message 112 to peer 0x5852b88e1870 (13 bytes)
1746672748.877149 sending message 112 to peer 0x5852b88e1870 (12 bytes)
1746672748.877152 sending message 112 to peer 0x5852b88e1870 (8 bytes)
1746672748.877156 sending message 112 to peer 0x5852b88e1870 (14 bytes)
1746672748.877160 sending message 112 to peer 0x5852b88e1870 (11 bytes)
1746672748.877163 sending message 112 to peer 0x5852b88e1870 (9 bytes)
1746672748.877167 sending message 112 to peer 0x5852b88e1870 (10 bytes)
1746672748.877171 sending message 112 to peer 0x5852b88e1870 (10 bytes)
1746672748.877179 sending message 112 to peer 0x5852b88e1870 (10 bytes)
1746672748.877186 sending message 112 to peer 0x5852b88e1870 (10 bytes)
1746672748.877190 sending message 112 to peer 0x5852b88e1870 (11 bytes)
1746672748.877194 sending message 112 to peer 0x5852b88e1870 (12 bytes)
1746672748.877198 sending message 112 to peer 0x5852b88e1870 (12 bytes)
1746672748.877202 sending message 112 to peer 0x5852b88e1870 (12 bytes)
1746672748.877205 sending message 112 to peer 0x5852b88e1870 (12 bytes)
1746672748.877209 sending message 112 to peer 0x5852b88e1870 (12 bytes)
1746672748.877213 sending message 112 to peer 0x5852b88e1870 (11 bytes)
1746672748.877217 sending message 112 to peer 0x5852b88e1870 (11 bytes)
1746672748.877220 sending message 112 to peer 0x5852b88e1870 (12 bytes)
1746672748.877224 sending message 112 to peer 0x5852b88e1870 (12 bytes)
1746672748.877228 sending message 112 to peer 0x5852b88e1870 (12 bytes)
1746672748.877232 sending message 112 to peer 0x5852b88e1870 (12 bytes)
1746672748.877236 sending message 112 to peer 0x5852b88e1870 (12 bytes)
1746672748.877239 sending message 112 to peer 0x5852b88e1870 (10 bytes)
1746672748.877243 sending message 112 to peer 0x5852b88e1870 (12 bytes)
1746672748.877247 sending message 112 to peer 0x5852b88e1870 (13 bytes)
1746672748.877251 sending message 112 to peer 0x5852b88e1870 (13 bytes)
1746672748.877254 sending message 112 to peer 0x5852b88e1870 (13 bytes)
1746672748.877258 sending message 112 to peer 0x5852b88e1870 (13 bytes)
1746672748.877262 sending message 112 to peer 0x5852b88e1870 (13 bytes)
1746672748.877266 sending message 112 to peer 0x5852b88e1870 (8 bytes)
1746672748.877269 sending message 112 to peer 0x5852b88e1870 (11 bytes)
1746672748.877273 sending message 112 to peer 0x5852b88e1870 (11 bytes)
1746672748.877277 sending message 112 to peer 0x5852b88e1870 (11 bytes)
1746672748.877281 sending message 112 to peer 0x5852b88e1870 (12 bytes)
1746672748.877285 sending message 112 to peer 0x5852b88e1870 (12 bytes)
1746672748.877288 sending message 112 to peer 0x5852b88e1870 (12 bytes)
1746672748.877292 sending message 112 to peer 0x5852b88e1870 (12 bytes)
1746672748.877296 sending message 112 to peer 0x5852b88e1870 (13 bytes)
1746672748.877300 sending message 112 to peer 0x5852b88e1870 (13 bytes)
1746672748.877303 sending message 112 to peer 0x5852b88e1870 (13 bytes)
1746672748.877307 sending message 112 to peer 0x5852b88e1870 (8 bytes)
1746672748.877311 sending message 112 to peer 0x5852b88e1870 (13 bytes)
1746672748.877315 sending message 112 to peer 0x5852b88e1870 (13 bytes)
1746672748.877319 sending message 112 to peer 0x5852b88e1870 (13 bytes)
1746672748.877322 sending message 112 to peer 0x5852b88e1870 (13 bytes)
1746672748.877326 sending message 112 to peer 0x5852b88e1870 (13 bytes)
1746672748.877330 sending message 112 to peer 0x5852b88e1870 (12 bytes)
1746672748.877334 sending message 112 to peer 0x5852b88e1870 (12 bytes)
1746672748.877337 sending message 112 to peer 0x5852b88e1870 (12 bytes)
1746672748.877341 sending message 112 to peer 0x5852b88e1870 (12 bytes)
1746672748.877345 sending message 112 to peer 0x5852b88e1870 (13 bytes)
1746672748.877349 sending message 112 to peer 0x5852b88e1870 (8 bytes)
1746672748.877353 sending message 112 to peer 0x5852b88e1870 (13 bytes)
1746672748.877356 sending message 112 to peer 0x5852b88e1870 (13 bytes)
1746672748.877360 sending message 112 to peer 0x5852b88e1870 (13 bytes)
1746672748.877364 sending message 112 to peer 0x5852b88e1870 (13 bytes)
1746672748.877368 sending message 112 to peer 0x5852b88e1870 (13 bytes)
1746672748.877371 sending message 112 to peer 0x5852b88e1870 (13 bytes)
1746672748.877375 sending message 112 to peer 0x5852b88e1870 (13 bytes)
1746672748.877379 sending message 112 to peer 0x5852b88e1870 (12 bytes)
1746672748.877383 sending message 112 to peer 0x5852b88e1870 (12 bytes)
1746672748.877387 sending message 112 to peer 0x5852b88e1870 (12 bytes)
1746672748.877390 sending message 112 to peer 0x5852b88e1870 (8 bytes)
1746672748.877394 sending message 112 to peer 0x5852b88e1870 (12 bytes)
1746672748.877402 sending message 112 to peer 0x5852b88e1870 (13 bytes)
1746672748.877408 sending message 112 to peer 0x5852b88e1870 (13 bytes)
1746672748.877411 sending message 112 to peer 0x5852b88e1870 (13 bytes)
1746672748.877415 sending message 112 to peer 0x5852b88e1870 (13 bytes)
1746672748.877419 sending message 112 to peer 0x5852b88e1870 (13 bytes)
1746672748.877423 sending message 112 to peer 0x5852b88e1870 (13 bytes)
1746672748.877427 sending message 112 to peer 0x5852b88e1870 (13 bytes)
1746672748.877430 sending message 112 to peer 0x5852b88e1870 (13 bytes)
1746672748.877434 sending message 112 to peer 0x5852b88e1870 (12 bytes)
1746672748.877438 sending message 112 to peer 0x5852b88e1870 (10 bytes)
1746672748.877442 sending message 112 to peer 0x5852b88e1870 (12 bytes)
1746672748.877445 sending message 112 to peer 0x5852b88e1870 (12 bytes)
1746672748.877449 sending message 112 to peer 0x5852b88e1870 (12 bytes)
1746672748.877453 sending message 112 to peer 0x5852b88e1870 (13 bytes)
1746672748.877457 sending message 112 to peer 0x5852b88e1870 (13 bytes)
1746672748.877461 sending message 112 to peer 0x5852b88e1870 (13 bytes)
1746672748.877464 sending message 112 to peer 0x5852b88e1870 (13 bytes)
1746672748.877468 sending message 112 to peer 0x5852b88e1870 (13 bytes)
1746672748.877472 sending message 112 to peer 0x5852b88e1870 (13 bytes)
1746672748.877476 sending message 112 to peer 0x5852b88e1870 (13 bytes)
1746672748.877479 sending message 112 to peer 0x5852b88e1870 (10 bytes)
1746672748.877483 sending message 112 to peer 0x5852b88e1870 (13 bytes)
1746672748.877487 sending message 112 to peer 0x5852b88e1870 (12 bytes)
1746672748.877491 sending message 112 to peer 0x5852b88e1870 (12 bytes)
1746672748.877495 sending message 112 to peer 0x5852b88e1870 (12 bytes)
1746672748.877498 sending message 112 to peer 0x5852b88e1870 (10 bytes)
1746672748.877502 sending message 112 to peer 0x5852b88e1870 (10 bytes)
1746672748.877506 sending message 112 to peer 0x5852b88e1870 (10 bytes)
1746672748.877510 sending message 112 to peer 0x5852b88e1870 (12 bytes)
1746672748.877513 sending message 112 to peer 0x5852b88e1870 (13 bytes)
1746672748.877517 sending message 112 to peer 0x5852b88e1870 (13 bytes)
1746672748.877521 sending message 112 to peer 0x5852b88e1870 (13 bytes)
1746672748.877525 sending message 112 to peer 0x5852b88e1870 (13 bytes)
1746672748.877529 sending message 112 to peer 0x5852b88e1870 (13 bytes)
1746672748.877532 sending message 112 to peer 0x5852b88e1870 (11 bytes)
1746672748.877536 sending message 112 to peer 0x5852b88e1870 (11 bytes)
1746672748.877540 sending message 112 to peer 0x5852b88e1870 (12 bytes)
1746672748.877544 sending message 112 to peer 0x5852b88e1870 (12 bytes)
1746672748.877547 sending message 112 to peer 0x5852b88e1870 (12 bytes)
1746672748.877551 sending message 112 to peer 0x5852b88e1870 (12 bytes)
1746672748.877555 sending message 112 to peer 0x5852b88e1870 (12 bytes)
1746672748.877559 sending message 112 to peer 0x5852b88e1870 (11 bytes)
1746672748.877562 sending message 112 to peer 0x5852b88e1870 (12 bytes)
1746672748.877566 sending message 112 to peer 0x5852b88e1870 (12 bytes)
1746672748.877570 sending message 112 to peer 0x5852b88e1870 (13 bytes)
1746672748.877574 sending message 112 to peer 0x5852b88e1870 (13 bytes)
1746672748.877578 sending message 112 to peer 0x5852b88e1870 (13 bytes)
1746672748.877581 sending message 112 to peer 0x5852b88e1870 (13 bytes)
1746672748.877585 sending message 112 to peer 0x5852b88e1870 (13 bytes)
1746672748.877589 sending message 112 to peer 0x5852b88e1870 (10 bytes)
1746672748.877593 sending message 112 to peer 0x5852b88e1870 (9 bytes)
1746672748.877596 sending message 112 to peer 0x5852b88e1870 (12 bytes)
1746672748.877600 sending message 112 to peer 0x5852b88e1870 (13 bytes)
1746672748.877604 sending message 112 to peer 0x5852b88e1870 (13 bytes)
1746672748.877608 sending message 112 to peer 0x5852b88e1870 (13 bytes)
1746672748.877612 sending message 112 to peer 0x5852b88e1870 (13 bytes)
1746672748.877615 sending message 112 to peer 0x5852b88e1870 (13 bytes)
1746672748.877622 sending message 112 to peer 0x5852b88e1870 (9 bytes)
1746672748.877628 sending message 112 to peer 0x5852b88e1870 (12 bytes)
1746672748.877632 sending message 112 to peer 0x5852b88e1870 (13 bytes)
1746672748.877636 sending message 112 to peer 0x5852b88e1870 (13 bytes)
1746672748.877639 sending message 112 to peer 0x5852b88e1870 (13 bytes)
1746672748.877643 sending message 112 to peer 0x5852b88e1870 (13 bytes)
1746672748.877647 sending message 112 to peer 0x5852b88e1870 (13 bytes)
1746672748.877651 sending message 112 to peer 0x5852b88e1870 (11 bytes)
1746672748.877655 sending message 112 to peer 0x5852b88e1870 (12 bytes)
1746672748.877658 sending message 112 to peer 0x5852b88e1870 (13 bytes)
1746672748.877662 sending message 112 to peer 0x5852b88e1870 (13 bytes)
1746672748.877666 sending message 112 to peer 0x5852b88e1870 (13 bytes)
1746672748.877670 sending message 112 to peer 0x5852b88e1870 (13 bytes)
1746672748.877673 sending message 112 to peer 0x5852b88e1870 (13 bytes)
1746672748.877677 sending message 112 to peer 0x5852b88e1870 (11 bytes)
1746672748.877681 sending message 112 to peer 0x5852b88e1870 (12 bytes)
1746672748.877685 sending message 112 to peer 0x5852b88e1870 (12 bytes)
1746672748.877689 sending message 112 to peer 0x5852b88e1870 (12 bytes)
1746672748.877692 sending message 112 to peer 0x5852b88e1870 (12 bytes)
1746672748.877696 sending message 112 to peer 0x5852b88e1870 (12 bytes)
1746672748.877700 sending message 112 to peer 0x5852b88e1870 (21 bytes)
1746672748.877704 sending message 112 to peer 0x5852b88e1870 (12 bytes)
1746672748.877708 sending message 112 to peer 0x5852b88e1870 (9 bytes)
1746672748.877711 sending message 112 to peer 0x5852b88e1870 (6 bytes)
1746672748.877715 sending message 112 to peer 0x5852b88e1870 (13 bytes)
1746672748.877719 sending message 112 to peer 0x5852b88e1870 (8 bytes)
1746672748.877723 sending message 112 to peer 0x5852b88e1870 (15 bytes)
1746672748.877727 sending message 112 to peer 0x5852b88e1870 (13 bytes)
1746672748.877731 sending message 112 to peer 0x5852b88e1870 (9 bytes)
1746672748.877735 sending message 112 to peer 0x5852b88e1870 (70 bytes)
1746672748.877738 sending message 112 to peer 0x5852b88e1870 (69 bytes)
1746672748.877742 sending message 112 to peer 0x5852b88e1870 (10 bytes)
1746672748.877746 sending message 112 to peer 0x5852b88e1870 (10 bytes)
1746672748.877750 sending message 112 to peer 0x5852b88e1870 (8 bytes)
1746672748.877754 sending message 112 to peer 0x5852b88e1870 (15 bytes)
1746672748.877758 sending message 112 to peer 0x5852b88e1870 (13 bytes)
1746672748.877761 sending message 112 to peer 0x5852b88e1870 (10 bytes)
1746672748.877765 sending message 112 to peer 0x5852b88e1870 (10 bytes)
1746672748.877769 sending message 112 to peer 0x5852b88e1870 (17 bytes)
1746672748.877773 sending message 112 to peer 0x5852b88e1870 (10 bytes)
1746672748.877777 sending message 112 to peer 0x5852b88e1870 (13 bytes)
1746672748.877780 sending message 112 to peer 0x5852b88e1870 (9 bytes)
1746672748.877784 sending message 112 to peer 0x5852b88e1870 (5 bytes)
1746672748.877788 sending message 112 to peer 0x5852b88e1870 (15 bytes)
1746672748.877792 sending message 104 to peer 0x5852b88e1870 (0 bytes)
1746672748.877796 sending message 110 to peer 0x5852b88e1870 (0 bytes)
1746672748.877800 sending message 107 to peer 0x5852b88e1870 (4 bytes)
1746672748.877804 sending message 105 to peer 0x5852b88e1870 (31 bytes)
1746672748.877808 sending message 105 to peer 0x5852b88e1870 (34 bytes)
1746672748.877812 sending message 105 to peer 0x5852b88e1870 (31 bytes)
1746672748.877816 sending message 105 to peer 0x5852b88e1870 (20 bytes)
1746672748.877820 sending message 105 to peer 0x5852b88e1870 (16 bytes)
1746672748.877823 sending message 105 to peer 0x5852b88e1870 (64 bytes)
1746672748.877827 sending message 105 to peer 0x5852b88e1870 (38 bytes)
1746672748.877831 sending message 105 to peer 0x5852b88e1870 (20 bytes)
1746672748.877835 sending message 105 to peer 0x5852b88e1870 (19 bytes)
1746672748.877839 sending message 105 to peer 0x5852b88e1870 (23 bytes)
1746672748.877846 sending message 105 to peer 0x5852b88e1870 (17 bytes)
1746672748.877852 sending message 105 to peer 0x5852b88e1870 (17 bytes)
1746672748.877861 sending message 105 to peer 0x5852b88e1870 (29 bytes)
1746672748.877865 sending message 105 to peer 0x5852b88e1870 (60 bytes)
1746672748.877869 sending message 105 to peer 0x5852b88e1870 (11 bytes)
1746672748.877873 sending message 105 to peer 0x5852b88e1870 (12 bytes)
1746672748.877876 sending message 105 to peer 0x5852b88e1870 (22 bytes)
1746672748.877880 sending message 105 to peer 0x5852b88e1870 (50 bytes)
1746672748.877884 sending message 105 to peer 0x5852b88e1870 (13 bytes)
1746672748.877888 sending message 105 to peer 0x5852b88e1870 (33 bytes)
1746672748.877892 sending message 105 to peer 0x5852b88e1870 (18 bytes)
1746672748.877896 sending message 105 to peer 0x5852b88e1870 (125 bytes)
1746672748.877900 sending message 105 to peer 0x5852b88e1870 (8 bytes)
1746672748.877904 sending message 105 to peer 0x5852b88e1870 (20 bytes)
1746672748.877907 sending message 105 to peer 0x5852b88e1870 (52 bytes)
1746672748.877911 sending message 105 to peer 0x5852b88e1870 (74 bytes)
1746672748.877915 sending message 105 to peer 0x5852b88e1870 (18 bytes)
1746672748.877919 sending message 105 to peer 0x5852b88e1870 (30 bytes)
1746672748.877923 sending message 105 to peer 0x5852b88e1870 (25 bytes)
1746672748.877926 sending message 105 to peer 0x5852b88e1870 (26 bytes)
1746672748.877930 sending message 105 to peer 0x5852b88e1870 (11 bytes)
1746672748.877934 sending message 105 to peer 0x5852b88e1870 (19 bytes)
1746672748.877938 sending message 105 to peer 0x5852b88e1870 (29 bytes)
1746672748.877942 sending message 105 to peer 0x5852b88e1870 (25 bytes)
1746672748.877946 sending message 105 to peer 0x5852b88e1870 (32 bytes)
1746672748.877950 sending message 105 to peer 0x5852b88e1870 (22 bytes)
1746672748.877953 sending message 105 to peer 0x5852b88e1870 (16 bytes)
1746672748.877957 sending message 105 to peer 0x5852b88e1870 (15 bytes)
1746672748.877961 sending message 105 to peer 0x5852b88e1870 (64 bytes)
1746672748.877965 sending message 105 to peer 0x5852b88e1870 (26 bytes)
1746672748.877969 sending message 105 to peer 0x5852b88e1870 (32 bytes)
1746672748.877972 sending message 105 to peer 0x5852b88e1870 (90 bytes)
1746672748.877976 sending message 105 to peer 0x5852b88e1870 (54 bytes)
1746672748.877980 sending message 105 to peer 0x5852b88e1870 (20 bytes)
1746672748.877984 sending message 105 to peer 0x5852b88e1870 (33 bytes)
1746672748.877988 sending message 105 to peer 0x5852b88e1870 (15 bytes)
1746672748.877991 sending message 105 to peer 0x5852b88e1870 (817 bytes)
1746672748.877995 sending message 105 to peer 0x5852b88e1870 (36 bytes)
1746672748.877999 sending message 105 to peer 0x5852b88e1870 (39 bytes)
1746672748.878003 sending message 105 to peer 0x5852b88e1870 (58 bytes)
1746672748.878007 sending message 105 to peer 0x5852b88e1870 (16 bytes)
1746672748.878011 sending message 105 to peer 0x5852b88e1870 (21 bytes)
1746672748.878014 sending message 105 to peer 0x5852b88e1870 (38 bytes)
1746672748.878018 sending message 105 to peer 0x5852b88e1870 (21 bytes)
1746672748.878022 sending message 105 to peer 0x5852b88e1870 (19 bytes)
1746672748.878026 sending message 106 to peer 0x5852b88e1870 (0 bytes)
1746672748.878055 sending message 200 to peer 0x5852b88e1870 (4 bytes)
1746672748.878059 client loop enter
1746672748.878470 peer 0x5852b88e1870 message 303
1746672748.878476 open write file 2 -
1746672748.878482 sending message 305 to peer 0x5852b88e1870 (8 bytes)
1746672748.878489 write check file 2
1746672748.878571 peer 0x5852b88e1870 message 304
1746672748.878576 write 58 to file 2
1746672748.878580 peer 0x5852b88e1870 message 203
1746672748.878584 file 2 58 bytes left
1746672748.878594 write check file 2
1746672748.878597 client loop exit
